INFO    -  MERMAID2  - Initialization arguments: {}
INFO    -  MERMAID2  - Using javascript library (10.4.0):
              https://unpkg.com/mermaid@10.4.0/dist/mermaid.esm.min.mjs
INFO    -  Cleaning site directory
INFO    -  Building documentation to directory: /Users/amichne/code/konditional/site
INFO    -  The following pages exist in the docs directory, but are not included in the "nav" configuration:
             - Configuration.md
             - Features.md
             - Registry.md
             - Results.md
             - venv/lib/python3.14/site-packages/backrefs-5.9.dist-info/licenses/LICENSE.md
             - venv/lib/python3.14/site-packages/idna-3.11.dist-info/licenses/LICENSE.md
             - venv/lib/python3.14/site-packages/markdown-3.9.dist-info/licenses/LICENSE.md
             - venv/lib/python3.14/site-packages/mkdocs_get_deps-0.2.0.dist-info/licenses/LICENSE.md
             - venv/lib/python3.14/site-packages/mkdocs_material_extensions-1.3.1.dist-info/licenses/LICENSE.md
             - venv/lib/python3.14/site-packages/pip-25.2.dist-info/licenses/src/pip/_vendor/idna/LICENSE.md
             - venv/lib/python3.14/site-packages/pymdown_extensions-10.16.1.dist-info/licenses/LICENSE.md
             - venv/lib/python3.14/site-packages/soupsieve-2.8.dist-info/licenses/LICENSE.md
WARNING -  A reference to 'WhyTypeSafety.md' is included in the 'nav' configuration, which is not found in the documentation files.
WARNING -  A reference to 'Migration.md' is included in the 'nav' configuration, which is not found in the documentation files.
WARNING -  A reference to 'ErrorPrevention.md' is included in the 'nav' configuration, which is not found in the documentation files.
WARNING -  A reference to 'CoreConcepts.md' is included in the 'nav' configuration, which is not found in the documentation files.
WARNING -  A reference to 'RegistryAndConcurrency.md' is included in the 'nav' configuration, which is not found in the documentation files.
WARNING -  A reference to 'Builders.md' is included in the 'nav' configuration, which is not found in the documentation files.
WARNING -  A reference to 'Flags.md' is included in the 'nav' configuration, which is not found in the documentation files.
WARNING -  A reference to 'Architecture.md' is included in the 'nav' configuration, which is not found in the documentation files.
WARNING -  Doc file 'Context.md' contains a link 'Architecture.md', but the target is not found among documentation files.
WARNING -  Doc file 'Features.md' contains a link 'Builders.md', but the target is not found among documentation files.
WARNING -  Doc file 'Registry.md' contains a link './Flags.md', but the target 'Flags.md' is not found among documentation files.
WARNING -  Doc file 'Registry.md' contains a link './CoreConcepts.md', but the target 'CoreConcepts.md' is not found among documentation files.
INFO    -  MERMAID2  - Found superfences config: {'custom_fences': [{'name': 'mermaid', 'class': 'mermaid', 'format': <function fence_code_format at 0x103d51590>}]}
INFO    -  Doc file 'Context.md' contains a link 'Evaluation.md#rollout-bucketing', but the doc 'Evaluation.md' does not contain an anchor '#rollout-bucketing'.
INFO    -  Documentation built in 3.22 seconds
INFO    -  Building documentation...
INFO    -  MERMAID2  - Initialization arguments: {}
INFO    -  MERMAID2  - Using javascript library (10.4.0):
              https://unpkg.com/mermaid@10.4.0/dist/mermaid.esm.min.mjs
INFO    -  Cleaning site directory
INFO    -  The following pages exist in the docs directory, but are not included in the "nav" configuration:
             - Configuration.md
             - Features.md
             - Registry.md
             - Results.md
             - venv/lib/python3.14/site-packages/backrefs-5.9.dist-info/licenses/LICENSE.md
             - venv/lib/python3.14/site-packages/idna-3.11.dist-info/licenses/LICENSE.md
             - venv/lib/python3.14/site-packages/markdown-3.9.dist-info/licenses/LICENSE.md
             - venv/lib/python3.14/site-packages/mkdocs_get_deps-0.2.0.dist-info/licenses/LICENSE.md
             - venv/lib/python3.14/site-packages/mkdocs_material_extensions-1.3.1.dist-info/licenses/LICENSE.md
             - venv/lib/python3.14/site-packages/pip-25.2.dist-info/licenses/src/pip/_vendor/idna/LICENSE.md
             - venv/lib/python3.14/site-packages/pymdown_extensions-10.16.1.dist-info/licenses/LICENSE.md
             - venv/lib/python3.14/site-packages/soupsieve-2.8.dist-info/licenses/LICENSE.md
WARNING -  A reference to 'WhyTypeSafety.md' is included in the 'nav' configuration, which is not found in the documentation files.
WARNING -  A reference to 'Migration.md' is included in the 'nav' configuration, which is not found in the documentation files.
WARNING -  A reference to 'ErrorPrevention.md' is included in the 'nav' configuration, which is not found in the documentation files.
WARNING -  A reference to 'CoreConcepts.md' is included in the 'nav' configuration, which is not found in the documentation files.
WARNING -  A reference to 'RegistryAndConcurrency.md' is included in the 'nav' configuration, which is not found in the documentation files.
WARNING -  A reference to 'Builders.md' is included in the 'nav' configuration, which is not found in the documentation files.
WARNING -  A reference to 'Flags.md' is included in the 'nav' configuration, which is not found in the documentation files.
WARNING -  A reference to 'Architecture.md' is included in the 'nav' configuration, which is not found in the documentation files.
WARNING -  Doc file 'Context.md' contains a link 'Architecture.md', but the target is not found among documentation files.
WARNING -  Doc file 'Features.md' contains a link 'Builders.md', but the target is not found among documentation files.
WARNING -  Doc file 'Registry.md' contains a link './Flags.md', but the target 'Flags.md' is not found among documentation files.
WARNING -  Doc file 'Registry.md' contains a link './CoreConcepts.md', but the target 'CoreConcepts.md' is not found among documentation files.
INFO    -  MERMAID2  - Found superfences config: {'custom_fences': [{'name': 'mermaid', 'class': 'mermaid', 'format': <function fence_code_format at 0x102539fe0>}]}
INFO    -  Doc file 'Context.md' contains a link 'Evaluation.md#rollout-bucketing', but the doc 'Evaluation.md' does not contain an anchor '#rollout-bucketing'.
INFO    -  Documentation built in 2.26 seconds
INFO    -  [16:28:39] Serving on http://127.0.0.1:8000/konditional/
WARNING -  [16:28:44] "GET /konditional/WhyTypeSafety.md HTTP/1.1" code 404
WARNING -  [16:28:45] "GET /konditional/CoreConcepts.md HTTP/1.1" code 404
WARNING -  [16:28:46] "GET /konditional/Builders.md HTTP/1.1" code 404
WARNING -  [16:28:56] "GET /konditional/Migration.md HTTP/1.1" code 404
